<?xml version="1.0" encoding="UTF-8"?>
<!-- Generated by org.testng.reporters.JUnitReportReporter -->
<testsuite hostname="TechMs-MacBook-Pro.local" failures="0" tests="3" name="tests.SeleniumDemo" time="35.537" errors="0" timestamp="2022-03-11T15:33:50 PST" skipped="0">
  <testcase classname="tests.SeleniumDemo" name="sampleTestMethod" time="11.002"/>
  <system-out/>
  <testcase classname="tests.SeleniumDemo" name="sampleTestMethod2" time="9.799"/>
  <system-out/>
  <testcase classname="tests.SeleniumDemo" name="sampleTestMethod3" time="14.736"/>
  <system-out/>
</testsuite> <!-- tests.SeleniumDemo -->
